<?xml version="1.0" encoding="UTF-8"?>
<testng-results ignored="6" total="8" passed="2" failed="0" skipped="0">
  <reporter-output>
  </reporter-output>
  <suite started-at="2022-01-12T08:44:05 IST" name="Suite" finished-at="2022-01-12T08:44:12 IST" duration-ms="7388">
    <groups>
      <group name="Functional">
        <method signature="ApplicationTest.verifyForgotPasswordPage()[pri:3, instance:com.application.test.ApplicationTest@290222c1]" name="verifyForgotPasswordPage" class="com.application.test.ApplicationTest"/>
      </group> <!-- Functional -->
      <group name="Smoke">
        <method signature="ApplicationTest.verifyApplicationTitle()[pri:1, instance:com.application.test.ApplicationTest@48f278eb]" name="verifyApplicationTitle" class="com.application.test.ApplicationTest"/>
      </group> <!-- Smoke -->
    </groups>
    <test started-at="2022-01-12T08:44:05 IST" name="Test1" finished-at="2022-01-12T08:44:12 IST" duration-ms="7326">
      <class name="com.application.test.ApplicationTest">
        <test-method is-config="true" signature="launchBrowser()[pri:0, instance:com.application.test.ApplicationTest@48f278eb]" started-at="2022-01-12T08:44:05 IST" name="launchBrowser" finished-at="2022-01-12T08:44:07 IST" duration-ms="2777" status="PASS">
          <reporter-output>
          </reporter-output>
        </test-method> <!-- launchBrowser -->
        <test-method signature="verifyApplicationTitle()[pri:1, instance:com.application.test.ApplicationTest@48f278eb]" started-at="2022-01-12T08:44:07 IST" name="verifyApplicationTitle" finished-at="2022-01-12T08:44:11 IST" duration-ms="3681" status="PASS">
          <reporter-output>
          </reporter-output>
        </test-method> <!-- verifyApplicationTitle -->
        <test-method is-config="true" signature="CloseBrowser()[pri:0, instance:com.application.test.ApplicationTest@48f278eb]" started-at="2022-01-12T08:44:11 IST" name="CloseBrowser" finished-at="2022-01-12T08:44:12 IST" duration-ms="839" status="PASS">
          <reporter-output>
          </reporter-output>
        </test-method> <!-- CloseBrowser -->
      </class> <!-- com.application.test.ApplicationTest -->
    </test> <!-- Test1 -->
    <test started-at="2022-01-12T08:44:05 IST" name="Test2" finished-at="2022-01-12T08:44:12 IST" duration-ms="7388">
      <class name="com.application.test.ApplicationTest">
        <test-method is-config="true" signature="SetupReport()[pri:0, instance:com.application.test.ApplicationTest@290222c1]" started-at="2022-01-12T08:44:05 IST" name="SetupReport" finished-at="2022-01-12T08:44:05 IST" duration-ms="158" status="PASS">
          <reporter-output>
          </reporter-output>
        </test-method> <!-- SetupReport -->
        <test-method is-config="true" signature="launchBrowser()[pri:0, instance:com.application.test.ApplicationTest@290222c1]" started-at="2022-01-12T08:44:05 IST" name="launchBrowser" finished-at="2022-01-12T08:44:06 IST" duration-ms="1561" status="PASS">
          <reporter-output>
          </reporter-output>
        </test-method> <!-- launchBrowser -->
        <test-method signature="verifyForgotPasswordPage()[pri:3, instance:com.application.test.ApplicationTest@290222c1]" started-at="2022-01-12T08:44:06 IST" name="verifyForgotPasswordPage" finished-at="2022-01-12T08:44:12 IST" duration-ms="5737" status="PASS">
          <reporter-output>
          </reporter-output>
        </test-method> <!-- verifyForgotPasswordPage -->
        <test-method is-config="true" signature="CloseBrowser()[pri:0, instance:com.application.test.ApplicationTest@290222c1]" started-at="2022-01-12T08:44:12 IST" name="CloseBrowser" finished-at="2022-01-12T08:44:12 IST" duration-ms="66" status="PASS">
          <reporter-output>
          </reporter-output>
        </test-method> <!-- CloseBrowser -->
      </class> <!-- com.application.test.ApplicationTest -->
    </test> <!-- Test2 -->
  </suite> <!-- Suite -->
</testng-results>
